<?xml version="1.0" encoding="UTF-8"?>
<!-- Generated by org.testng.reporters.JUnitXMLReporter -->
<testsuite ignored="3" hostname="DESKTOP-73VT5SL" failures="0" tests="1" name="Default test" time="56.478" errors="0" timestamp="2023-07-27T19:29:43 IST">
  <testcase classname="test.Tests" name="transaction" time="27.254"/>
  <testcase classname="test.Tests" name="myTest" time="0.0">
    <ignored/>
  </testcase> <!-- myTest -->
  <testcase classname="test.Tests" name="createBanchAndMember" time="0.0">
    <ignored/>
  </testcase> <!-- createBanchAndMember -->
  <testcase classname="test.Tests" name="signUp" time="0.0">
    <ignored/>
  </testcase> <!-- signUp -->
</testsuite> <!-- Default test -->
