<?xml version="1.0" encoding="UTF-8"?>
<!-- Generated by org.testng.reporters.JUnitXMLReporter -->
<testsuite ignored="2" hostname="DESKTOP-73VT5SL" failures="0" tests="1" name="Default test" time="124.033" errors="0" timestamp="2023-07-21T10:51:46 IST">
  <testcase classname="test.Tests" name="createBanchAndMember" time="109.053"/>
  <testcase classname="test.Tests" name="login" time="0.0">
    <ignored/>
  </testcase> <!-- login -->
  <testcase classname="test.Tests" name="signUp" time="0.0">
    <ignored/>
  </testcase> <!-- signUp -->
</testsuite> <!-- Default test -->
